[2024-02-03 18:32:13] - Status: TEST] - [Num: 1] - [Msg: Testing Logger] - [File: main.go] - (System Error: <nil>)
[2024-02-03 18:32:14] - Status: TEST] - [Num: 1] - [Msg: Testing Logger] - [File: main.go] - (System Error: <nil>)
[2024-02-03 18:32:14] - Status: TEST] - [Num: 1] - [Msg: Testing Logger] - [File: main.go] - (System Error: <nil>)
[2024-02-03 18:32:15] - Status: TEST] - [Num: 1] - [Msg: Testing Logger] - [File: main.go] - (System Error: <nil>)
[2024-02-03 18:32:15] - Status: TEST] - [Num: 1] - [Msg: Testing Logger] - [File: main.go] - (System Error: <nil>)
[2024-02-03 18:32:16] - Status: TEST] - [Num: 1] - [Msg: Testing Logger] - [File: main.go] - (System Error: <nil>)
[2024-02-03 18:32:16] - Status: TEST] - [Num: 1] - [Msg: Testing Logger] - [File: main.go] - (System Error: <nil>)
[2024-02-03 19:04:14] - Status: TEST] - [Num: 1] - [Msg: Testing Logger] - [File: main.go] - (System Error: <nil>)
[2024-02-03 19:07:29] - Status: Error] - [Num: 1] - [Msg: Cannot Open DB: Limbo] - [File: DB_CONN.go] - (System Error: sql: unknown driver "postgres" (forgotten import?))
[2024-02-03 19:07:29] - Status: Error] - [Num: 1] - [Msg: Openning conection to DB] - [File: DB_insertFile.go] - (System Error: sql: unknown driver "postgres" (forgotten import?))
[2024-02-03 19:10:15] - Status: Error] - [Num: 1] - [Msg: Cannot Open DB: Limbo] - [File: DB_CONN.go] - (System Error: sql: unknown driver "postgres" (forgotten import?))
[2024-02-03 19:10:15] - Status: Error] - [Num: 1] - [Msg: Openning conection to DB] - [File: DB_insertFile.go] - (System Error: sql: unknown driver "postgres" (forgotten import?))
[2024-02-03 19:10:30] - Status: Error] - [Num: 1] - [Msg: Cannot Open DB: Limbo] - [File: DB_CONN.go] - (System Error: sql: unknown driver "postgres" (forgotten import?))
[2024-02-03 19:10:30] - Status: Error] - [Num: 1] - [Msg: Openning conection to DB] - [File: DB_insertFile.go] - (System Error: sql: unknown driver "postgres" (forgotten import?))
[2024-02-03 19:11:32] - Status: TEST] - [Num: 1] - [Msg: Testing Logger] - [File: main.go] - (System Error: <nil>)
[2024-02-03 19:11:36] - Status: Error] - [Num: 1] - [Msg: Cannot Open DB: Limbo] - [File: DB_CONN.go] - (System Error: sql: unknown driver "postgres" (forgotten import?))
[2024-02-03 19:11:36] - Status: Error] - [Num: 1] - [Msg: Openning conection to DB] - [File: DB_insertFile.go] - (System Error: sql: unknown driver "postgres" (forgotten import?))
[2024-02-03 19:14:11] - Status: TEST] - [Num: 1] - [Msg: Testing Logger] - [File: main.go] - (System Error: <nil>)
[2024-02-03 19:14:17] - Status: Success] - [Num: 3] - [Msg: Returning DB variable] - [File: DB_CONN.go] - (System Error: <nil>)
[2024-02-03 19:14:17] - Status: Error] - [Num: 2] - [Msg: Inserting data into to DB] - [File: DB_insertFile.go] - (System Error: <nil>)
[2024-02-03 21:01:08] - Status: TEST] - [Num: 1] - [Msg: Testing Logger] - [File: main.go] - (System Error: <nil>)
[2024-02-03 21:01:16] - Status: TEST] - [Num: 1] - [Msg: Testing Logger] - [File: main.go] - (System Error: <nil>)
[2024-02-03 21:01:23] - Status: Success] - [Num: 3] - [Msg: Returning DB variable] - [File: DB_CONN.go] - (System Error: <nil>)
[2024-02-03 21:01:23] - Status: Success] - [Num: 4] - [Msg: Inserted 1 rows into DB] - [File: DB_insertFile.go] - (System Error: <nil>)
[2024-02-03 21:02:17] - Status: TEST] - [Num: 1] - [Msg: Testing Logger] - [File: main.go] - (System Error: <nil>)
[2024-02-03 21:02:22] - Status: Success] - [Num: 3] - [Msg: Returning DB variable] - [File: DB_CONN.go] - (System Error: <nil>)
[2024-02-03 21:02:22] - Status: Success] - [Num: 4] - [Msg: Inserted 1 rows into DB] - [File: DB_insertFile.go] - (System Error: <nil>)
[2024-02-03 21:13:01] - Status: Success] - [Num: 3] - [Msg: Returning DB variable] - [File: DB_CONN.go] - (System Error: <nil>)
[2024-02-03 21:13:01] - Status: Success] - [Num: 4] - [Msg: Inserted 1 rows into DB] - [File: DB_insertFile.go] - (System Error: <nil>)
[2024-02-03 21:13:31] - Status: TEST] - [Num: 1] - [Msg: Testing Logger] - [File: main.go] - (System Error: <nil>)
[2024-02-03 21:13:32] - Status: Success] - [Num: 3] - [Msg: Returning DB variable] - [File: DB_CONN.go] - (System Error: <nil>)
[2024-02-03 21:13:32] - Status: Success] - [Num: 4] - [Msg: Inserted 1 rows into DB] - [File: DB_insertFile.go] - (System Error: <nil>)
[2024-02-03 21:15:12] - Status: TEST] - [Num: 1] - [Msg: Testing Logger] - [File: main.go] - (System Error: <nil>)
[2024-02-03 21:15:14] - Status: Success] - [Num: 3] - [Msg: Returning DB variable] - [File: DB_CONN.go] - (System Error: <nil>)
[2024-02-03 21:15:14] - Status: Success] - [Num: 4] - [Msg: Inserted 1 rows into DB] - [File: DB_insertFile.go] - (System Error: <nil>)
[2024-02-03 21:35:48] - Status: TEST] - [Num: 1] - [Msg: Testing Logger] - [File: main.go] - (System Error: <nil>)
[2024-02-03 21:36:31] - Status: Success] - [Num: 3] - [Msg: Returning DB variable] - [File: DB_CONN.go] - (System Error: <nil>)
[2024-02-03 21:36:31] - Status: Success] - [Num: 4] - [Msg: Inserted 1 rows into DB] - [File: DB_insertFile.go] - (System Error: <nil>)
[2024-02-03 21:38:00] - Status: TEST] - [Num: 1] - [Msg: Testing Logger] - [File: main.go] - (System Error: <nil>)
[2024-02-03 21:38:05] - Status: Success] - [Num: 3] - [Msg: Returning DB variable] - [File: DB_CONN.go] - (System Error: <nil>)
[2024-02-03 21:38:05] - Status: Success] - [Num: 4] - [Msg: Inserted 1 rows into DB] - [File: DB_insertFile.go] - (System Error: <nil>)
[2024-02-03 21:38:11] - Status: Success] - [Num: 3] - [Msg: Returning DB variable] - [File: DB_CONN.go] - (System Error: <nil>)
[2024-02-03 21:38:11] - Status: Success] - [Num: 4] - [Msg: Inserted 1 rows into DB] - [File: DB_insertFile.go] - (System Error: <nil>)
[2024-02-03 21:38:15] - Status: Success] - [Num: 3] - [Msg: Returning DB variable] - [File: DB_CONN.go] - (System Error: <nil>)
[2024-02-03 21:38:15] - Status: Success] - [Num: 4] - [Msg: Inserted 1 rows into DB] - [File: DB_insertFile.go] - (System Error: <nil>)
[2024-02-03 21:38:18] - Status: Success] - [Num: 3] - [Msg: Returning DB variable] - [File: DB_CONN.go] - (System Error: <nil>)
[2024-02-03 21:38:18] - Status: Success] - [Num: 4] - [Msg: Inserted 1 rows into DB] - [File: DB_insertFile.go] - (System Error: <nil>)
[2024-02-03 21:38:50] - Status: TEST] - [Num: 1] - [Msg: Testing Logger] - [File: main.go] - (System Error: <nil>)
[2024-02-03 21:38:54] - Status: Success] - [Num: 3] - [Msg: Returning DB variable] - [File: DB_CONN.go] - (System Error: <nil>)
[2024-02-03 21:38:54] - Status: Success] - [Num: 4] - [Msg: Inserted 1 rows into DB] - [File: DB_insertFile.go] - (System Error: <nil>)
[2024-02-03 21:39:20] - Status: TEST] - [Num: 1] - [Msg: Testing Logger] - [File: main.go] - (System Error: <nil>)
[2024-02-03 21:39:22] - Status: Success] - [Num: 3] - [Msg: Returning DB variable] - [File: DB_CONN.go] - (System Error: <nil>)
[2024-02-03 21:39:22] - Status: Success] - [Num: 4] - [Msg: Inserted 1 rows into DB] - [File: DB_insertFile.go] - (System Error: <nil>)
[2024-02-03 21:39:27] - Status: Success] - [Num: 3] - [Msg: Returning DB variable] - [File: DB_CONN.go] - (System Error: <nil>)
[2024-02-03 21:39:27] - Status: Success] - [Num: 4] - [Msg: Inserted 1 rows into DB] - [File: DB_insertFile.go] - (System Error: <nil>)
[2024-02-03 21:39:31] - Status: Success] - [Num: 3] - [Msg: Returning DB variable] - [File: DB_CONN.go] - (System Error: <nil>)
[2024-02-03 21:39:31] - Status: Success] - [Num: 4] - [Msg: Inserted 1 rows into DB] - [File: DB_insertFile.go] - (System Error: <nil>)
[2024-02-03 21:39:32] - Status: Success] - [Num: 3] - [Msg: Returning DB variable] - [File: DB_CONN.go] - (System Error: <nil>)
[2024-02-03 21:39:32] - Status: Success] - [Num: 4] - [Msg: Inserted 1 rows into DB] - [File: DB_insertFile.go] - (System Error: <nil>)
[2024-02-03 21:39:32] - Status: Success] - [Num: 3] - [Msg: Returning DB variable] - [File: DB_CONN.go] - (System Error: <nil>)
[2024-02-03 21:39:32] - Status: Success] - [Num: 4] - [Msg: Inserted 1 rows into DB] - [File: DB_insertFile.go] - (System Error: <nil>)
[2024-02-03 21:40:51] - Status: Success] - [Num: 3] - [Msg: Returning DB variable] - [File: DB_CONN.go] - (System Error: <nil>)
[2024-02-03 21:40:51] - Status: Success] - [Num: 4] - [Msg: Inserted 1 rows into DB] - [File: DB_insertFile.go] - (System Error: <nil>)
[2024-02-03 21:40:57] - Status: TEST] - [Num: 1] - [Msg: Testing Logger] - [File: main.go] - (System Error: <nil>)
[2024-02-03 21:40:58] - Status: Success] - [Num: 3] - [Msg: Returning DB variable] - [File: DB_CONN.go] - (System Error: <nil>)
[2024-02-03 21:40:58] - Status: Error] - [Num: 3] - [Msg: Cannot read row from DB] - [File: DB_readOneFile.go] - (System Error: pq: column "uud34" does not exist)
[2024-02-03 21:42:38] - Status: TEST] - [Num: 1] - [Msg: Testing Logger] - [File: main.go] - (System Error: <nil>)
[2024-02-03 21:42:41] - Status: Success] - [Num: 3] - [Msg: Returning DB variable] - [File: DB_CONN.go] - (System Error: <nil>)
[2024-02-03 21:42:41] - Status: Error] - [Num: 3] - [Msg: Cannot read row from DB] - [File: DB_readOneFile.go] - (System Error: pq: column "uud34" does not exist)
[2024-02-03 21:44:37] - Status: TEST] - [Num: 1] - [Msg: Testing Logger] - [File: main.go] - (System Error: <nil>)
[2024-02-03 21:44:41] - Status: Success] - [Num: 3] - [Msg: Returning DB variable] - [File: DB_CONN.go] - (System Error: <nil>)
[2024-02-03 21:44:41] - Status: Error] - [Num: 3] - [Msg: Cannot read row from DB] - [File: DB_readOneFile.go] - (System Error: sql: expected 6 destination arguments in Scan, not 2)
[2024-02-03 21:45:41] - Status: TEST] - [Num: 1] - [Msg: Testing Logger] - [File: main.go] - (System Error: <nil>)
[2024-02-03 21:45:43] - Status: Success] - [Num: 3] - [Msg: Returning DB variable] - [File: DB_CONN.go] - (System Error: <nil>)
[2024-02-03 21:45:43] - Status: Error] - [Num: 3] - [Msg: Cannot read row from DB] - [File: DB_readOneFile.go] - (System Error: sql: Scan error on column index 0, name "id": destination not a pointer)
[2024-02-03 21:45:45] - Status: Success] - [Num: 3] - [Msg: Returning DB variable] - [File: DB_CONN.go] - (System Error: <nil>)
[2024-02-03 21:45:45] - Status: Error] - [Num: 3] - [Msg: Cannot read row from DB] - [File: DB_readOneFile.go] - (System Error: sql: Scan error on column index 0, name "id": destination not a pointer)
[2024-02-03 21:45:45] - Status: Success] - [Num: 3] - [Msg: Returning DB variable] - [File: DB_CONN.go] - (System Error: <nil>)
[2024-02-03 21:45:45] - Status: Error] - [Num: 3] - [Msg: Cannot read row from DB] - [File: DB_readOneFile.go] - (System Error: sql: Scan error on column index 0, name "id": destination not a pointer)
[2024-02-03 21:47:42] - Status: TEST] - [Num: 1] - [Msg: Testing Logger] - [File: main.go] - (System Error: <nil>)
[2024-02-03 21:47:47] - Status: Success] - [Num: 3] - [Msg: Returning DB variable] - [File: DB_CONN.go] - (System Error: <nil>)
[2024-02-03 21:47:47] - Status: Success] - [Num: 4] - [Msg: Read from DB] - [File: DB_readOneFile.go] - (System Error: <nil>)
[2024-02-03 21:47:50] - Status: Success] - [Num: 3] - [Msg: Returning DB variable] - [File: DB_CONN.go] - (System Error: <nil>)
[2024-02-03 21:47:50] - Status: Success] - [Num: 4] - [Msg: Read from DB] - [File: DB_readOneFile.go] - (System Error: <nil>)
[2024-02-03 21:47:51] - Status: Success] - [Num: 3] - [Msg: Returning DB variable] - [File: DB_CONN.go] - (System Error: <nil>)
[2024-02-03 21:47:51] - Status: Success] - [Num: 4] - [Msg: Read from DB] - [File: DB_readOneFile.go] - (System Error: <nil>)
[2024-02-03 22:42:50] - Status: Success] - [Num: 3] - [Msg: Returning DB variable] - [File: DB_CONN.go] - (System Error: <nil>)
[2024-02-03 22:42:50] - Status: Success] - [Num: 4] - [Msg: Inserted 1 rows into DB] - [File: DB_insertFile.go] - (System Error: <nil>)
[2024-02-04 00:24:25] - Status: Success] - [Num: 3] - [Msg: Returning DB variable] - [File: DB_CONN.go] - (System Error: <nil>)
[2024-02-04 00:24:25] - Status: Success] - [Num: 4] - [Msg: Inserted 1 rows into DB] - [File: DB_insertFile.go] - (System Error: <nil>)
[2024-02-04 00:24:46] - Status: Success] - [Num: 3] - [Msg: Returning DB variable] - [File: DB_CONN.go] - (System Error: <nil>)
[2024-02-04 00:24:46] - Status: Success] - [Num: 4] - [Msg: Inserted 1 rows into DB] - [File: DB_insertFile.go] - (System Error: <nil>)
[2024-02-04 00:24:54] - Status: Success] - [Num: 3] - [Msg: Returning DB variable] - [File: DB_CONN.go] - (System Error: <nil>)
[2024-02-04 00:24:54] - Status: Success] - [Num: 4] - [Msg: Inserted 1 rows into DB] - [File: DB_insertFile.go] - (System Error: <nil>)
[2024-02-04 00:25:13] - Status: Success] - [Num: 3] - [Msg: Returning DB variable] - [File: DB_CONN.go] - (System Error: <nil>)
[2024-02-04 00:25:13] - Status: Success] - [Num: 4] - [Msg: Inserted 1 rows into DB] - [File: DB_insertFile.go] - (System Error: <nil>)
[2024-02-04 00:36:18] - Status: Success] - [Num: 3] - [Msg: Returning DB variable] - [File: DB_CONN.go] - (System Error: <nil>)
[2024-02-04 00:36:18] - Status: Success] - [Num: 4] - [Msg: Inserted 1 rows into DB] - [File: DB_insertFile.go] - (System Error: <nil>)
[2024-02-04 00:36:18] - Status: Success] - [Num: 3] - [Msg: Returning DB variable] - [File: DB_CONN.go] - (System Error: <nil>)
[2024-02-04 00:36:18] - Status: Success] - [Num: 4] - [Msg: Inserted 1 rows into DB] - [File: DB_insertFile.go] - (System Error: <nil>)
[2024-02-04 00:36:35] - Status: Success] - [Num: 3] - [Msg: Returning DB variable] - [File: DB_CONN.go] - (System Error: <nil>)
[2024-02-04 00:36:35] - Status: Success] - [Num: 4] - [Msg: Inserted 1 rows into DB] - [File: DB_insertFile.go] - (System Error: <nil>)
[2024-02-04 00:36:35] - Status: Success] - [Num: 3] - [Msg: Returning DB variable] - [File: DB_CONN.go] - (System Error: <nil>)
[2024-02-04 00:36:35] - Status: Success] - [Num: 4] - [Msg: Inserted 1 rows into DB] - [File: DB_insertFile.go] - (System Error: <nil>)
[2024-02-04 00:36:35] - Status: Success] - [Num: 3] - [Msg: Returning DB variable] - [File: DB_CONN.go] - (System Error: <nil>)
[2024-02-04 00:36:35] - Status: Success] - [Num: 4] - [Msg: Inserted 1 rows into DB] - [File: DB_insertFile.go] - (System Error: <nil>)
[2024-02-04 00:37:52] - Status: Success] - [Num: 3] - [Msg: Returning DB variable] - [File: DB_CONN.go] - (System Error: <nil>)
[2024-02-04 00:37:52] - Status: Success] - [Num: 4] - [Msg: Inserted 1 rows into DB] - [File: DB_insertFile.go] - (System Error: <nil>)
[2024-02-04 00:37:52] - Status: Success] - [Num: 3] - [Msg: Returning DB variable] - [File: DB_CONN.go] - (System Error: <nil>)
[2024-02-04 00:37:52] - Status: Success] - [Num: 4] - [Msg: Inserted 1 rows into DB] - [File: DB_insertFile.go] - (System Error: <nil>)
[2024-02-04 00:37:52] - Status: Success] - [Num: 3] - [Msg: Returning DB variable] - [File: DB_CONN.go] - (System Error: <nil>)
[2024-02-04 00:37:52] - Status: Success] - [Num: 4] - [Msg: Inserted 1 rows into DB] - [File: DB_insertFile.go] - (System Error: <nil>)
[2024-02-04 00:38:22] - Status: Success] - [Num: 3] - [Msg: Returning DB variable] - [File: DB_CONN.go] - (System Error: <nil>)
[2024-02-04 00:38:22] - Status: Success] - [Num: 4] - [Msg: Inserted 1 rows into DB] - [File: DB_insertFile.go] - (System Error: <nil>)
[2024-02-04 00:38:23] - Status: Success] - [Num: 3] - [Msg: Returning DB variable] - [File: DB_CONN.go] - (System Error: <nil>)
[2024-02-04 00:38:23] - Status: Success] - [Num: 4] - [Msg: Inserted 1 rows into DB] - [File: DB_insertFile.go] - (System Error: <nil>)
[2024-02-04 00:38:23] - Status: Success] - [Num: 3] - [Msg: Returning DB variable] - [File: DB_CONN.go] - (System Error: <nil>)
[2024-02-04 00:38:23] - Status: Success] - [Num: 4] - [Msg: Inserted 1 rows into DB] - [File: DB_insertFile.go] - (System Error: <nil>)
[2024-02-04 00:39:09] - Status: Success] - [Num: 3] - [Msg: Returning DB variable] - [File: DB_CONN.go] - (System Error: <nil>)
[2024-02-04 00:39:09] - Status: Success] - [Num: 4] - [Msg: Inserted 1 rows into DB] - [File: DB_insertFile.go] - (System Error: <nil>)
[2024-02-04 00:39:09] - Status: Success] - [Num: 3] - [Msg: Returning DB variable] - [File: DB_CONN.go] - (System Error: <nil>)
[2024-02-04 00:39:09] - Status: Success] - [Num: 4] - [Msg: Inserted 1 rows into DB] - [File: DB_insertFile.go] - (System Error: <nil>)
[2024-02-04 00:39:09] - Status: Success] - [Num: 3] - [Msg: Returning DB variable] - [File: DB_CONN.go] - (System Error: <nil>)
[2024-02-04 00:39:09] - Status: Success] - [Num: 4] - [Msg: Inserted 1 rows into DB] - [File: DB_insertFile.go] - (System Error: <nil>)
[2024-02-04 00:40:28] - Status: Success] - [Num: 3] - [Msg: Returning DB variable] - [File: DB_CONN.go] - (System Error: <nil>)
[2024-02-04 00:40:28] - Status: Success] - [Num: 4] - [Msg: Inserted 1 rows into DB] - [File: DB_insertFile.go] - (System Error: <nil>)
[2024-02-04 00:40:28] - Status: Success] - [Num: 3] - [Msg: Returning DB variable] - [File: DB_CONN.go] - (System Error: <nil>)
[2024-02-04 00:40:28] - Status: Success] - [Num: 4] - [Msg: Inserted 1 rows into DB] - [File: DB_insertFile.go] - (System Error: <nil>)
[2024-02-04 00:40:28] - Status: Success] - [Num: 3] - [Msg: Returning DB variable] - [File: DB_CONN.go] - (System Error: <nil>)
[2024-02-04 00:40:28] - Status: Success] - [Num: 4] - [Msg: Inserted 1 rows into DB] - [File: DB_insertFile.go] - (System Error: <nil>)
[2024-02-04 00:41:17] - Status: Success] - [Num: 3] - [Msg: Returning DB variable] - [File: DB_CONN.go] - (System Error: <nil>)
[2024-02-04 00:41:17] - Status: Success] - [Num: 4] - [Msg: Inserted 1 rows into DB] - [File: DB_insertFile.go] - (System Error: <nil>)
[2024-02-04 00:41:17] - Status: Success] - [Num: 3] - [Msg: Returning DB variable] - [File: DB_CONN.go] - (System Error: <nil>)
[2024-02-04 00:41:17] - Status: Success] - [Num: 4] - [Msg: Inserted 1 rows into DB] - [File: DB_insertFile.go] - (System Error: <nil>)
[2024-02-04 00:41:17] - Status: Success] - [Num: 3] - [Msg: Returning DB variable] - [File: DB_CONN.go] - (System Error: <nil>)
[2024-02-04 00:41:17] - Status: Success] - [Num: 4] - [Msg: Inserted 1 rows into DB] - [File: DB_insertFile.go] - (System Error: <nil>)
[2024-02-04 00:41:38] - Status: Success] - [Num: 3] - [Msg: Returning DB variable] - [File: DB_CONN.go] - (System Error: <nil>)
[2024-02-04 00:41:38] - Status: Success] - [Num: 4] - [Msg: Inserted 1 rows into DB] - [File: DB_insertFile.go] - (System Error: <nil>)
[2024-02-04 00:41:38] - Status: Success] - [Num: 3] - [Msg: Returning DB variable] - [File: DB_CONN.go] - (System Error: <nil>)
[2024-02-04 00:41:38] - Status: Success] - [Num: 4] - [Msg: Inserted 1 rows into DB] - [File: DB_insertFile.go] - (System Error: <nil>)
[2024-02-04 00:41:38] - Status: Success] - [Num: 3] - [Msg: Returning DB variable] - [File: DB_CONN.go] - (System Error: <nil>)
[2024-02-04 00:41:38] - Status: Success] - [Num: 4] - [Msg: Inserted 1 rows into DB] - [File: DB_insertFile.go] - (System Error: <nil>)
[2024-02-04 00:41:45] - Status: Success] - [Num: 3] - [Msg: Returning DB variable] - [File: DB_CONN.go] - (System Error: <nil>)
[2024-02-04 00:41:45] - Status: Success] - [Num: 4] - [Msg: Inserted 1 rows into DB] - [File: DB_insertFile.go] - (System Error: <nil>)
[2024-02-04 00:41:45] - Status: Success] - [Num: 3] - [Msg: Returning DB variable] - [File: DB_CONN.go] - (System Error: <nil>)
[2024-02-04 00:41:45] - Status: Success] - [Num: 4] - [Msg: Inserted 1 rows into DB] - [File: DB_insertFile.go] - (System Error: <nil>)
[2024-02-04 00:41:45] - Status: Success] - [Num: 3] - [Msg: Returning DB variable] - [File: DB_CONN.go] - (System Error: <nil>)
[2024-02-04 00:41:45] - Status: Success] - [Num: 4] - [Msg: Inserted 1 rows into DB] - [File: DB_insertFile.go] - (System Error: <nil>)
[2024-02-04 00:41:54] - Status: Success] - [Num: 3] - [Msg: Returning DB variable] - [File: DB_CONN.go] - (System Error: <nil>)
[2024-02-04 00:41:54] - Status: Success] - [Num: 4] - [Msg: Inserted 1 rows into DB] - [File: DB_insertFile.go] - (System Error: <nil>)
[2024-02-04 00:41:54] - Status: Success] - [Num: 3] - [Msg: Returning DB variable] - [File: DB_CONN.go] - (System Error: <nil>)
[2024-02-04 00:41:54] - Status: Success] - [Num: 4] - [Msg: Inserted 1 rows into DB] - [File: DB_insertFile.go] - (System Error: <nil>)
[2024-02-04 00:41:54] - Status: Success] - [Num: 3] - [Msg: Returning DB variable] - [File: DB_CONN.go] - (System Error: <nil>)
[2024-02-04 00:41:54] - Status: Success] - [Num: 4] - [Msg: Inserted 1 rows into DB] - [File: DB_insertFile.go] - (System Error: <nil>)
[2024-02-04 00:42:15] - Status: Success] - [Num: 3] - [Msg: Returning DB variable] - [File: DB_CONN.go] - (System Error: <nil>)
[2024-02-04 00:42:15] - Status: Success] - [Num: 4] - [Msg: Inserted 1 rows into DB] - [File: DB_insertFile.go] - (System Error: <nil>)
[2024-02-04 00:42:15] - Status: Success] - [Num: 3] - [Msg: Returning DB variable] - [File: DB_CONN.go] - (System Error: <nil>)
[2024-02-04 00:42:15] - Status: Success] - [Num: 4] - [Msg: Inserted 1 rows into DB] - [File: DB_insertFile.go] - (System Error: <nil>)
[2024-02-04 00:42:15] - Status: Success] - [Num: 3] - [Msg: Returning DB variable] - [File: DB_CONN.go] - (System Error: <nil>)
[2024-02-04 00:42:15] - Status: Success] - [Num: 4] - [Msg: Inserted 1 rows into DB] - [File: DB_insertFile.go] - (System Error: <nil>)
[2024-02-04 00:42:22] - Status: Success] - [Num: 3] - [Msg: Returning DB variable] - [File: DB_CONN.go] - (System Error: <nil>)
[2024-02-04 00:42:22] - Status: Success] - [Num: 4] - [Msg: Inserted 1 rows into DB] - [File: DB_insertFile.go] - (System Error: <nil>)
[2024-02-04 00:42:22] - Status: Success] - [Num: 3] - [Msg: Returning DB variable] - [File: DB_CONN.go] - (System Error: <nil>)
[2024-02-04 00:42:22] - Status: Success] - [Num: 4] - [Msg: Inserted 1 rows into DB] - [File: DB_insertFile.go] - (System Error: <nil>)
[2024-02-04 00:42:22] - Status: Success] - [Num: 3] - [Msg: Returning DB variable] - [File: DB_CONN.go] - (System Error: <nil>)
[2024-02-04 00:42:22] - Status: Success] - [Num: 4] - [Msg: Inserted 1 rows into DB] - [File: DB_insertFile.go] - (System Error: <nil>)
[2024-02-04 00:42:38] - Status: Success] - [Num: 3] - [Msg: Returning DB variable] - [File: DB_CONN.go] - (System Error: <nil>)
[2024-02-04 00:42:38] - Status: Success] - [Num: 4] - [Msg: Inserted 1 rows into DB] - [File: DB_insertFile.go] - (System Error: <nil>)
[2024-02-04 00:42:38] - Status: Success] - [Num: 3] - [Msg: Returning DB variable] - [File: DB_CONN.go] - (System Error: <nil>)
[2024-02-04 00:42:38] - Status: Success] - [Num: 4] - [Msg: Inserted 1 rows into DB] - [File: DB_insertFile.go] - (System Error: <nil>)
[2024-02-04 00:42:38] - Status: Success] - [Num: 3] - [Msg: Returning DB variable] - [File: DB_CONN.go] - (System Error: <nil>)
[2024-02-04 00:42:38] - Status: Success] - [Num: 4] - [Msg: Inserted 1 rows into DB] - [File: DB_insertFile.go] - (System Error: <nil>)
[2024-02-04 00:42:45] - Status: Success] - [Num: 3] - [Msg: Returning DB variable] - [File: DB_CONN.go] - (System Error: <nil>)
[2024-02-04 00:42:45] - Status: Success] - [Num: 4] - [Msg: Inserted 1 rows into DB] - [File: DB_insertFile.go] - (System Error: <nil>)
[2024-02-04 00:42:45] - Status: Success] - [Num: 3] - [Msg: Returning DB variable] - [File: DB_CONN.go] - (System Error: <nil>)
[2024-02-04 00:42:45] - Status: Success] - [Num: 4] - [Msg: Inserted 1 rows into DB] - [File: DB_insertFile.go] - (System Error: <nil>)
[2024-02-04 00:42:45] - Status: Success] - [Num: 3] - [Msg: Returning DB variable] - [File: DB_CONN.go] - (System Error: <nil>)
[2024-02-04 00:42:45] - Status: Success] - [Num: 4] - [Msg: Inserted 1 rows into DB] - [File: DB_insertFile.go] - (System Error: <nil>)
[2024-02-04 00:42:51] - Status: Success] - [Num: 3] - [Msg: Returning DB variable] - [File: DB_CONN.go] - (System Error: <nil>)
[2024-02-04 00:42:51] - Status: Success] - [Num: 4] - [Msg: Inserted 1 rows into DB] - [File: DB_insertFile.go] - (System Error: <nil>)
[2024-02-04 00:42:51] - Status: Success] - [Num: 3] - [Msg: Returning DB variable] - [File: DB_CONN.go] - (System Error: <nil>)
[2024-02-04 00:42:51] - Status: Success] - [Num: 4] - [Msg: Inserted 1 rows into DB] - [File: DB_insertFile.go] - (System Error: <nil>)
[2024-02-04 00:42:51] - Status: Success] - [Num: 3] - [Msg: Returning DB variable] - [File: DB_CONN.go] - (System Error: <nil>)
[2024-02-04 00:42:51] - Status: Success] - [Num: 4] - [Msg: Inserted 1 rows into DB] - [File: DB_insertFile.go] - (System Error: <nil>)
[2024-02-04 00:42:59] - Status: Success] - [Num: 3] - [Msg: Returning DB variable] - [File: DB_CONN.go] - (System Error: <nil>)
[2024-02-04 00:42:59] - Status: Success] - [Num: 4] - [Msg: Inserted 1 rows into DB] - [File: DB_insertFile.go] - (System Error: <nil>)
[2024-02-04 00:42:59] - Status: Success] - [Num: 3] - [Msg: Returning DB variable] - [File: DB_CONN.go] - (System Error: <nil>)
[2024-02-04 00:42:59] - Status: Success] - [Num: 4] - [Msg: Inserted 1 rows into DB] - [File: DB_insertFile.go] - (System Error: <nil>)
[2024-02-04 00:42:59] - Status: Success] - [Num: 3] - [Msg: Returning DB variable] - [File: DB_CONN.go] - (System Error: <nil>)
[2024-02-04 00:42:59] - Status: Success] - [Num: 4] - [Msg: Inserted 1 rows into DB] - [File: DB_insertFile.go] - (System Error: <nil>)
[2024-02-04 00:46:31] - Status: Success] - [Num: 3] - [Msg: Returning DB variable] - [File: DB_CONN.go] - (System Error: <nil>)
[2024-02-04 00:46:31] - Status: Success] - [Num: 4] - [Msg: Inserted 1 rows into DB] - [File: DB_insertFile.go] - (System Error: <nil>)
[2024-02-04 00:46:31] - Status: Success] - [Num: 3] - [Msg: Returning DB variable] - [File: DB_CONN.go] - (System Error: <nil>)
[2024-02-04 00:46:31] - Status: Success] - [Num: 4] - [Msg: Inserted 1 rows into DB] - [File: DB_insertFile.go] - (System Error: <nil>)
[2024-02-04 00:46:31] - Status: Success] - [Num: 3] - [Msg: Returning DB variable] - [File: DB_CONN.go] - (System Error: <nil>)
[2024-02-04 00:46:31] - Status: Success] - [Num: 4] - [Msg: Inserted 1 rows into DB] - [File: DB_insertFile.go] - (System Error: <nil>)
[2024-02-04 00:47:08] - Status: Success] - [Num: 3] - [Msg: Returning DB variable] - [File: DB_CONN.go] - (System Error: <nil>)
[2024-02-04 00:47:08] - Status: Success] - [Num: 4] - [Msg: Inserted 1 rows into DB] - [File: DB_insertFile.go] - (System Error: <nil>)
[2024-02-04 00:47:08] - Status: Success] - [Num: 3] - [Msg: Returning DB variable] - [File: DB_CONN.go] - (System Error: <nil>)
[2024-02-04 00:47:08] - Status: Success] - [Num: 4] - [Msg: Inserted 1 rows into DB] - [File: DB_insertFile.go] - (System Error: <nil>)
[2024-02-04 00:47:08] - Status: Success] - [Num: 3] - [Msg: Returning DB variable] - [File: DB_CONN.go] - (System Error: <nil>)
[2024-02-04 00:47:08] - Status: Success] - [Num: 4] - [Msg: Inserted 1 rows into DB] - [File: DB_insertFile.go] - (System Error: <nil>)
[2024-02-04 09:14:36] - Status: Success] - [Num: 3] - [Msg: Returning DB variable] - [File: DB_CONN.go] - (System Error: <nil>)
[2024-02-04 09:14:36] - Status: Success] - [Num: 4] - [Msg: Inserted 1 rows into DB] - [File: DB_insertFile.go] - (System Error: <nil>)
[2024-02-04 09:14:36] - Status: Success] - [Num: 3] - [Msg: Returning DB variable] - [File: DB_CONN.go] - (System Error: <nil>)
[2024-02-04 09:14:36] - Status: Success] - [Num: 4] - [Msg: Inserted 1 rows into DB] - [File: DB_insertFile.go] - (System Error: <nil>)
[2024-02-04 09:14:36] - Status: Success] - [Num: 3] - [Msg: Returning DB variable] - [File: DB_CONN.go] - (System Error: <nil>)
[2024-02-04 09:14:36] - Status: Success] - [Num: 4] - [Msg: Inserted 1 rows into DB] - [File: DB_insertFile.go] - (System Error: <nil>)
[2024-02-04 09:14:56] - Status: Success] - [Num: 3] - [Msg: Returning DB variable] - [File: DB_CONN.go] - (System Error: <nil>)
[2024-02-04 09:14:56] - Status: Success] - [Num: 4] - [Msg: Inserted 1 rows into DB] - [File: DB_insertFile.go] - (System Error: <nil>)
[2024-02-04 09:23:54] - Status: Success] - [Num: 3] - [Msg: Returning DB variable] - [File: DB_CONN.go] - (System Error: <nil>)
[2024-02-04 09:23:54] - Status: Success] - [Num: 4] - [Msg: Read from DB] - [File: DB_readOneFile.go] - (System Error: <nil>)
[2024-02-04 09:26:50] - Status: Success] - [Num: 3] - [Msg: Returning DB variable] - [File: DB_CONN.go] - (System Error: <nil>)
[2024-02-04 09:26:50] - Status: Success] - [Num: 4] - [Msg: Read from DB] - [File: DB_readOneFile.go] - (System Error: <nil>)
[2024-02-04 09:27:15] - Status: Success] - [Num: 3] - [Msg: Returning DB variable] - [File: DB_CONN.go] - (System Error: <nil>)
[2024-02-04 09:27:15] - Status: Success] - [Num: 4] - [Msg: Read from DB] - [File: DB_readOneFile.go] - (System Error: <nil>)
[2024-02-04 09:30:17] - Status: Success] - [Num: 3] - [Msg: Returning DB variable] - [File: DB_CONN.go] - (System Error: <nil>)
[2024-02-04 09:30:17] - Status: Success] - [Num: 4] - [Msg: Read from DB] - [File: DB_readOneFile.go] - (System Error: <nil>)
[2024-02-04 09:30:49] - Status: Success] - [Num: 3] - [Msg: Returning DB variable] - [File: DB_CONN.go] - (System Error: <nil>)
[2024-02-04 09:30:49] - Status: Success] - [Num: 4] - [Msg: Read from DB] - [File: DB_readOneFile.go] - (System Error: <nil>)
[2024-02-04 09:31:03] - Status: Success] - [Num: 3] - [Msg: Returning DB variable] - [File: DB_CONN.go] - (System Error: <nil>)
[2024-02-04 09:31:03] - Status: Success] - [Num: 4] - [Msg: Read from DB] - [File: DB_readOneFile.go] - (System Error: <nil>)
